Analysis & Synthesis report for FourBit4Mux7SegmentDecoder
Wed Nov  6 00:20:15 2024
Quartus Prime Version 21.1.1 Build 850 06/23/2022 SJ Lite Edition


---------------------
; Table of Contents ;
---------------------
  1. Legal Notice
  2. Analysis & Synthesis Summary
  3. Analysis & Synthesis Settings
  4. Parallel Compilation
  5. Analysis & Synthesis Source Files Read
  6. Analysis & Synthesis Resource Usage Summary
  7. Analysis & Synthesis Resource Utilization by Entity
  8. General Register Statistics
  9. Multiplexer Restructuring Statistics (Restructuring Performed)
 10. Port Connectivity Checks: "ThreeBit7SegmentDecoder:comb_4"
 11. Port Connectivity Checks: "FourBit4to1MuxInternal:comb_3|FourBit2to1MuxInternal:comb_4"
 12. Port Connectivity Checks: "FourBit4to1MuxInternal:comb_3"
 13. Post-Synthesis Netlist Statistics for Top Partition
 14. Elapsed Time Per Partition
 15. Analysis & Synthesis Messages



----------------
; Legal Notice ;
----------------
Copyright (C) 2022  Intel Corporation. All rights reserved.
Your use of Intel Corporation's design tools, logic functions 
and other software and tools, and any partner logic 
functions, and any output files from any of the foregoing 
(including device programming or simulation files), and any 
associated documentation or information are expressly subject 
to the terms and conditions of the Intel Program License 
Subscription Agreement, the Intel Quartus Prime License Agreement,
the Intel FPGA IP License Agreement, or other applicable license
agreement, including, without limitation, that your use is for
the sole purpose of programming logic devices manufactured by
Intel and sold by Intel or its authorized distributors.  Please
refer to the applicable agreement for further details, at
https://fpgasoftware.intel.com/eula.



+----------------------------------------------------------------------------------+
; Analysis & Synthesis Summary                                                     ;
+------------------------------------+---------------------------------------------+
; Analysis & Synthesis Status        ; Successful - Wed Nov  6 00:20:15 2024       ;
; Quartus Prime Version              ; 21.1.1 Build 850 06/23/2022 SJ Lite Edition ;
; Revision Name                      ; FourBit4Mux7SegmentDecoder                  ;
; Top-level Entity Name              ; FourBit4Mux7SegmentDecoder                  ;
; Family                             ; Cyclone IV E                                ;
; Total logic elements               ; 13                                          ;
;     Total combinational functions  ; 13                                          ;
;     Dedicated logic registers      ; 0                                           ;
; Total registers                    ; 0                                           ;
; Total pins                         ; 25                                          ;
; Total virtual pins                 ; 0                                           ;
; Total memory bits                  ; 0                                           ;
; Embedded Multiplier 9-bit elements ; 0                                           ;
; Total PLLs                         ; 0                                           ;
+------------------------------------+---------------------------------------------+


+----------------------------------------------------------------------------------------------------------------------------+
; Analysis & Synthesis Settings                                                                                              ;
+------------------------------------------------------------------+----------------------------+----------------------------+
; Option                                                           ; Setting                    ; Default Value              ;
+------------------------------------------------------------------+----------------------------+----------------------------+
; Device                                                           ; EP4CE115F29C7              ;                            ;
; Top-level entity name                                            ; FourBit4Mux7SegmentDecoder ; FourBit4Mux7SegmentDecoder ;
; Family name                                                      ; Cyclone IV E               ; Cyclone V                  ;
; Use smart compilation                                            ; Off                        ; Off                        ;
; Enable parallel Assembler and Timing Analyzer during compilation ; On                         ; On                         ;
; Enable compact report table                                      ; Off                        ; Off                        ;
; Restructure Multiplexers                                         ; Auto                       ; Auto                       ;
; Create Debugging Nodes for IP Cores                              ; Off                        ; Off                        ;
; Preserve fewer node names                                        ; On                         ; On                         ;
; Intel FPGA IP Evaluation Mode                                    ; Enable                     ; Enable                     ;
; Verilog Version                                                  ; Verilog_2001               ; Verilog_2001               ;
; VHDL Version                                                     ; VHDL_1993                  ; VHDL_1993                  ;
; State Machine Processing                                         ; Auto                       ; Auto                       ;
; Safe State Machine                                               ; Off                        ; Off                        ;
; Extract Verilog State Machines                                   ; On                         ; On                         ;
; Extract VHDL State Machines                                      ; On                         ; On                         ;
; Ignore Verilog initial constructs                                ; Off                        ; Off                        ;
; Iteration limit for constant Verilog loops                       ; 5000                       ; 5000                       ;
; Iteration limit for non-constant Verilog loops                   ; 250                        ; 250                        ;
; Add Pass-Through Logic to Inferred RAMs                          ; On                         ; On                         ;
; Infer RAMs from Raw Logic                                        ; On                         ; On                         ;
; Parallel Synthesis                                               ; On                         ; On                         ;
; DSP Block Balancing                                              ; Auto                       ; Auto                       ;
; NOT Gate Push-Back                                               ; On                         ; On                         ;
; Power-Up Don't Care                                              ; On                         ; On                         ;
; Remove Redundant Logic Cells                                     ; Off                        ; Off                        ;
; Remove Duplicate Registers                                       ; On                         ; On                         ;
; Ignore CARRY Buffers                                             ; Off                        ; Off                        ;
; Ignore CASCADE Buffers                                           ; Off                        ; Off                        ;
; Ignore GLOBAL Buffers                                            ; Off                        ; Off                        ;
; Ignore ROW GLOBAL Buffers                                        ; Off                        ; Off                        ;
; Ignore LCELL Buffers                                             ; Off                        ; Off                        ;
; Ignore SOFT Buffers                                              ; On                         ; On                         ;
; Limit AHDL Integers to 32 Bits                                   ; Off                        ; Off                        ;
; Optimization Technique                                           ; Balanced                   ; Balanced                   ;
; Carry Chain Length                                               ; 70                         ; 70                         ;
; Auto Carry Chains                                                ; On                         ; On                         ;
; Auto Open-Drain Pins                                             ; On                         ; On                         ;
; Perform WYSIWYG Primitive Resynthesis                            ; Off                        ; Off                        ;
; Auto ROM Replacement                                             ; On                         ; On                         ;
; Auto RAM Replacement                                             ; On                         ; On                         ;
; Auto DSP Block Replacement                                       ; On                         ; On                         ;
; Auto Shift Register Replacement                                  ; Auto                       ; Auto                       ;
; Allow Shift Register Merging across Hierarchies                  ; Auto                       ; Auto                       ;
; Auto Clock Enable Replacement                                    ; On                         ; On                         ;
; Strict RAM Replacement                                           ; Off                        ; Off                        ;
; Allow Synchronous Control Signals                                ; On                         ; On                         ;
; Force Use of Synchronous Clear Signals                           ; Off                        ; Off                        ;
; Auto RAM Block Balancing                                         ; On                         ; On                         ;
; Auto RAM to Logic Cell Conversion                                ; Off                        ; Off                        ;
; Auto Resource Sharing                                            ; Off                        ; Off                        ;
; Allow Any RAM Size For Recognition                               ; Off                        ; Off                        ;
; Allow Any ROM Size For Recognition                               ; Off                        ; Off                        ;
; Allow Any Shift Register Size For Recognition                    ; Off                        ; Off                        ;
; Use LogicLock Constraints during Resource Balancing              ; On                         ; On                         ;
; Ignore translate_off and synthesis_off directives                ; Off                        ; Off                        ;
; Timing-Driven Synthesis                                          ; On                         ; On                         ;
; Report Parameter Settings                                        ; On                         ; On                         ;
; Report Source Assignments                                        ; On                         ; On                         ;
; Report Connectivity Checks                                       ; On                         ; On                         ;
; Ignore Maximum Fan-Out Assignments                               ; Off                        ; Off                        ;
; Synchronization Register Chain Length                            ; 2                          ; 2                          ;
; Power Optimization During Synthesis                              ; Normal compilation         ; Normal compilation         ;
; HDL message level                                                ; Level2                     ; Level2                     ;
; Suppress Register Optimization Related Messages                  ; Off                        ; Off                        ;
; Number of Removed Registers Reported in Synthesis Report         ; 5000                       ; 5000                       ;
; Number of Swept Nodes Reported in Synthesis Report               ; 5000                       ; 5000                       ;
; Number of Inverted Registers Reported in Synthesis Report        ; 100                        ; 100                        ;
; Clock MUX Protection                                             ; On                         ; On                         ;
; Auto Gated Clock Conversion                                      ; Off                        ; Off                        ;
; Block Design Naming                                              ; Auto                       ; Auto                       ;
; SDC constraint protection                                        ; Off                        ; Off                        ;
; Synthesis Effort                                                 ; Auto                       ; Auto                       ;
; Shift Register Replacement - Allow Asynchronous Clear Signal     ; On                         ; On                         ;
; Pre-Mapping Resynthesis Optimization                             ; Off                        ; Off                        ;
; Analysis & Synthesis Message Level                               ; Medium                     ; Medium                     ;
; Disable Register Merging Across Hierarchies                      ; Auto                       ; Auto                       ;
; Resource Aware Inference For Block RAM                           ; On                         ; On                         ;
+------------------------------------------------------------------+----------------------------+----------------------------+


+------------------------------------------+
; Parallel Compilation                     ;
+----------------------------+-------------+
; Processors                 ; Number      ;
+----------------------------+-------------+
; Number detected on machine ; 4           ;
; Maximum allowed            ; 2           ;
;                            ;             ;
; Average used               ; 1.00        ;
; Maximum used               ; 1           ;
;                            ;             ;
; Usage by Processor         ; % Time Used ;
;     Processor 1            ; 100.0%      ;
+----------------------------+-------------+


+-------------------------------------------------------------------------------------------------------------------------------------------------------------------------------------------------------+
; Analysis & Synthesis Source Files Read                                                                                                                                                                ;
+------------------------------------------------------+-----------------+------------------------+-------------------------------------------------------------------------------------------+---------+
; File Name with User-Entered Path                     ; Used in Netlist ; File Type              ; File Name with Absolute Path                                                              ; Library ;
+------------------------------------------------------+-----------------+------------------------+-------------------------------------------------------------------------------------------+---------+
; ../FourBit2to1Mux/FourBit2to1Mux.v                   ; yes             ; User Verilog HDL File  ; C:/Users/User/Documents/KevinYang/FourBit2to1Mux/FourBit2to1Mux.v                         ;         ;
; ../ThreeBit7SegmentDecoder/ThreeBit7SegmentDecoder.v ; yes             ; User Verilog HDL File  ; C:/Users/User/Documents/KevinYang/ThreeBit7SegmentDecoder/ThreeBit7SegmentDecoder.v       ;         ;
; ../FourBit4to1Mux/FourBit4to1Mux.v                   ; yes             ; User Verilog HDL File  ; C:/Users/User/Documents/KevinYang/FourBit4to1Mux/FourBit4to1Mux.v                         ;         ;
; FourBit4Mux7SegmentDecoder.v                         ; yes             ; User Verilog HDL File  ; C:/Users/User/Documents/KevinYang/FourBit4Mux7SegmentDecoder/FourBit4Mux7SegmentDecoder.v ;         ;
+------------------------------------------------------+-----------------+------------------------+-------------------------------------------------------------------------------------------+---------+


+---------------------------------------------------------------------------------------+
; Analysis & Synthesis Resource Usage Summary                                           ;
+---------------------------------------------+-----------------------------------------+
; Resource                                    ; Usage                                   ;
+---------------------------------------------+-----------------------------------------+
; Estimated Total logic elements              ; 13                                      ;
;                                             ;                                         ;
; Total combinational functions               ; 13                                      ;
; Logic element usage by number of LUT inputs ;                                         ;
;     -- 4 input functions                    ; 6                                       ;
;     -- 3 input functions                    ; 7                                       ;
;     -- <=2 input functions                  ; 0                                       ;
;                                             ;                                         ;
; Logic elements by mode                      ;                                         ;
;     -- normal mode                          ; 13                                      ;
;     -- arithmetic mode                      ; 0                                       ;
;                                             ;                                         ;
; Total registers                             ; 0                                       ;
;     -- Dedicated logic registers            ; 0                                       ;
;     -- I/O registers                        ; 0                                       ;
;                                             ;                                         ;
; I/O pins                                    ; 25                                      ;
;                                             ;                                         ;
; Embedded Multiplier 9-bit elements          ; 0                                       ;
;                                             ;                                         ;
; Maximum fan-out node                        ; FourBit4to1MuxInternal:comb_3|LEDR[1]~1 ;
; Maximum fan-out                             ; 7                                       ;
; Total fan-out                               ; 77                                      ;
; Average fan-out                             ; 1.22                                    ;
+---------------------------------------------+-----------------------------------------+


+--------------------------------------------------------------------------------------------------------------------------------------------------------------------------------------------------------------------------------------------------------------------------------------------------------------------------------+
; Analysis & Synthesis Resource Utilization by Entity                                                                                                                                                                                                                                                                            ;
+------------------------------------------------+---------------------+---------------------------+-------------+--------------+---------+-----------+------+--------------+---------------------------------------------------------------------------------------------------+---------------------------------+--------------+
; Compilation Hierarchy Node                     ; Combinational ALUTs ; Dedicated Logic Registers ; Memory Bits ; DSP Elements ; DSP 9x9 ; DSP 18x18 ; Pins ; Virtual Pins ; Full Hierarchy Name                                                                               ; Entity Name                     ; Library Name ;
+------------------------------------------------+---------------------+---------------------------+-------------+--------------+---------+-----------+------+--------------+---------------------------------------------------------------------------------------------------+---------------------------------+--------------+
; |FourBit4Mux7SegmentDecoder                    ; 13 (0)              ; 0 (0)                     ; 0           ; 0            ; 0       ; 0         ; 25   ; 0            ; |FourBit4Mux7SegmentDecoder                                                                       ; FourBit4Mux7SegmentDecoder      ; work         ;
;    |FourBit4to1MuxInternal:comb_3|             ; 6 (6)               ; 0 (0)                     ; 0           ; 0            ; 0       ; 0         ; 0    ; 0            ; |FourBit4Mux7SegmentDecoder|FourBit4to1MuxInternal:comb_3                                         ; FourBit4to1MuxInternal          ; work         ;
;    |ThreeBit7SegmentDecoder:comb_4|            ; 7 (0)               ; 0 (0)                     ; 0           ; 0            ; 0       ; 0         ; 0    ; 0            ; |FourBit4Mux7SegmentDecoder|ThreeBit7SegmentDecoder:comb_4                                        ; ThreeBit7SegmentDecoder         ; work         ;
;       |ThreeBit7SegmentDecoderInternal:comb_3| ; 7 (7)               ; 0 (0)                     ; 0           ; 0            ; 0       ; 0         ; 0    ; 0            ; |FourBit4Mux7SegmentDecoder|ThreeBit7SegmentDecoder:comb_4|ThreeBit7SegmentDecoderInternal:comb_3 ; ThreeBit7SegmentDecoderInternal ; work         ;
+------------------------------------------------+---------------------+---------------------------+-------------+--------------+---------+-----------+------+--------------+---------------------------------------------------------------------------------------------------+---------------------------------+--------------+
Note: For table entries with two numbers listed, the numbers in parentheses indicate the number of resources of the given type used by the specific entity alone. The numbers listed outside of parentheses indicate the total resources of the given type used by the specific entity and all of its sub-entities in the hierarchy.


+------------------------------------------------------+
; General Register Statistics                          ;
+----------------------------------------------+-------+
; Statistic                                    ; Value ;
+----------------------------------------------+-------+
; Total registers                              ; 0     ;
; Number of registers using Synchronous Clear  ; 0     ;
; Number of registers using Synchronous Load   ; 0     ;
; Number of registers using Asynchronous Clear ; 0     ;
; Number of registers using Asynchronous Load  ; 0     ;
; Number of registers using Clock Enable       ; 0     ;
; Number of registers using Preset             ; 0     ;
+----------------------------------------------+-------+


+---------------------------------------------------------------------------------------------------------------------------------------------------------------------------------+
; Multiplexer Restructuring Statistics (Restructuring Performed)                                                                                                                  ;
+--------------------+-----------+---------------+----------------------+------------------------+------------+-------------------------------------------------------------------+
; Multiplexer Inputs ; Bus Width ; Baseline Area ; Area if Restructured ; Saving if Restructured ; Registered ; Example Multiplexer Output                                        ;
+--------------------+-----------+---------------+----------------------+------------------------+------------+-------------------------------------------------------------------+
; 4:1                ; 3 bits    ; 6 LEs         ; 6 LEs                ; 0 LEs                  ; No         ; |FourBit4Mux7SegmentDecoder|FourBit4to1MuxInternal:comb_3|LEDR[0] ;
+--------------------+-----------+---------------+----------------------+------------------------+------------+-------------------------------------------------------------------+


+------------------------------------------------------------------------------------------------------------------------------------------------------------------------------------------------------------+
; Port Connectivity Checks: "ThreeBit7SegmentDecoder:comb_4"                                                                                                                                                 ;
+------+-------+----------+----------------------------------------------------------------------------------------------------------------------------------------------------------------------------------+
; Port ; Type  ; Severity ; Details                                                                                                                                                                          ;
+------+-------+----------+----------------------------------------------------------------------------------------------------------------------------------------------------------------------------------+
; SW   ; Input ; Warning  ; Input port expression (4 bits) is wider than the input port (3 bits) it drives.  The 1 most-significant bit(s) in the expression will be dangling if they have no other fanouts. ;
+------+-------+----------+----------------------------------------------------------------------------------------------------------------------------------------------------------------------------------+


+-------------------------------------------------------------------------------------------------------------------------------------------------------------------------------------------------------------+
; Port Connectivity Checks: "FourBit4to1MuxInternal:comb_3|FourBit2to1MuxInternal:comb_4"                                                                                                                     ;
+------+-------+----------+-----------------------------------------------------------------------------------------------------------------------------------------------------------------------------------+
; Port ; Type  ; Severity ; Details                                                                                                                                                                           ;
+------+-------+----------+-----------------------------------------------------------------------------------------------------------------------------------------------------------------------------------+
; SW   ; Input ; Warning  ; Input port expression (16 bits) is wider than the input port (8 bits) it drives.  The 8 most-significant bit(s) in the expression will be dangling if they have no other fanouts. ;
+------+-------+----------+-----------------------------------------------------------------------------------------------------------------------------------------------------------------------------------+


+-------------------------------------------------------------------------------------------------------------------+
; Port Connectivity Checks: "FourBit4to1MuxInternal:comb_3"                                                         ;
+---------+--------+----------+-------------------------------------------------------------------------------------+
; Port    ; Type   ; Severity ; Details                                                                             ;
+---------+--------+----------+-------------------------------------------------------------------------------------+
; LEDR[3] ; Output ; Info     ; Connected to dangling logic. Logic that only feeds a dangling port will be removed. ;
+---------+--------+----------+-------------------------------------------------------------------------------------+


+-----------------------------------------------------+
; Post-Synthesis Netlist Statistics for Top Partition ;
+-----------------------+-----------------------------+
; Type                  ; Count                       ;
+-----------------------+-----------------------------+
; boundary_port         ; 25                          ;
; cycloneiii_lcell_comb ; 19                          ;
;     normal            ; 19                          ;
;         1 data inputs ; 6                           ;
;         3 data inputs ; 7                           ;
;         4 data inputs ; 6                           ;
;                       ;                             ;
; Max LUT depth         ; 4.00                        ;
; Average LUT depth     ; 3.79                        ;
+-----------------------+-----------------------------+


+-------------------------------+
; Elapsed Time Per Partition    ;
+----------------+--------------+
; Partition Name ; Elapsed Time ;
+----------------+--------------+
; Top            ; 00:00:00     ;
+----------------+--------------+


+-------------------------------+
; Analysis & Synthesis Messages ;
+-------------------------------+
Info: *******************************************************************
Info: Running Quartus Prime Analysis & Synthesis
    Info: Version 21.1.1 Build 850 06/23/2022 SJ Lite Edition
    Info: Processing started: Wed Nov  6 00:20:01 2024
Info: Command: quartus_map --read_settings_files=on --write_settings_files=off FourBit4Mux7SegmentDecoder -c FourBit4Mux7SegmentDecoder
Warning (18236): Number of processors has not been specified which may cause overloading on shared machines.  Set the global assignment NUM_PARALLEL_PROCESSORS in your QSF to an appropriate value for best performance.
Info (20030): Parallel compilation is enabled and will use 2 of the 2 processors detected
Info (12021): Found 2 design units, including 2 entities, in source file /users/user/documents/kevinyang/fourbit2to1mux/fourbit2to1mux.v
    Info (12023): Found entity 1: FourBit2to1Mux File: C:/Users/User/Documents/KevinYang/FourBit2to1Mux/FourBit2to1Mux.v Line: 1
    Info (12023): Found entity 2: FourBit2to1MuxInternal File: C:/Users/User/Documents/KevinYang/FourBit2to1Mux/FourBit2to1Mux.v Line: 5
Info (12021): Found 2 design units, including 2 entities, in source file /users/user/documents/kevinyang/threebit7segmentdecoder/threebit7segmentdecoder.v
    Info (12023): Found entity 1: ThreeBit7SegmentDecoder File: C:/Users/User/Documents/KevinYang/ThreeBit7SegmentDecoder/ThreeBit7SegmentDecoder.v Line: 1
    Info (12023): Found entity 2: ThreeBit7SegmentDecoderInternal File: C:/Users/User/Documents/KevinYang/ThreeBit7SegmentDecoder/ThreeBit7SegmentDecoder.v Line: 5
Info (12021): Found 2 design units, including 2 entities, in source file /users/user/documents/kevinyang/fourbit4to1mux/fourbit4to1mux.v
    Info (12023): Found entity 1: FourBit4to1Mux File: C:/Users/User/Documents/KevinYang/FourBit4to1Mux/FourBit4to1Mux.v Line: 1
    Info (12023): Found entity 2: FourBit4to1MuxInternal File: C:/Users/User/Documents/KevinYang/FourBit4to1Mux/FourBit4to1Mux.v Line: 5
Info (12021): Found 1 design units, including 1 entities, in source file fourbit4mux7segmentdecoder.v
    Info (12023): Found entity 1: FourBit4Mux7SegmentDecoder File: C:/Users/User/Documents/KevinYang/FourBit4Mux7SegmentDecoder/FourBit4Mux7SegmentDecoder.v Line: 1
Warning (10236): Verilog HDL Implicit Net warning at ThreeBit7SegmentDecoder.v(11): created implicit net for "At" File: C:/Users/User/Documents/KevinYang/ThreeBit7SegmentDecoder/ThreeBit7SegmentDecoder.v Line: 11
Warning (10236): Verilog HDL Implicit Net warning at ThreeBit7SegmentDecoder.v(12): created implicit net for "Bt" File: C:/Users/User/Documents/KevinYang/ThreeBit7SegmentDecoder/ThreeBit7SegmentDecoder.v Line: 12
Warning (10236): Verilog HDL Implicit Net warning at ThreeBit7SegmentDecoder.v(13): created implicit net for "Ct" File: C:/Users/User/Documents/KevinYang/ThreeBit7SegmentDecoder/ThreeBit7SegmentDecoder.v Line: 13
Warning (10236): Verilog HDL Implicit Net warning at ThreeBit7SegmentDecoder.v(14): created implicit net for "Dt" File: C:/Users/User/Documents/KevinYang/ThreeBit7SegmentDecoder/ThreeBit7SegmentDecoder.v Line: 14
Warning (10236): Verilog HDL Implicit Net warning at ThreeBit7SegmentDecoder.v(15): created implicit net for "Et" File: C:/Users/User/Documents/KevinYang/ThreeBit7SegmentDecoder/ThreeBit7SegmentDecoder.v Line: 15
Warning (10236): Verilog HDL Implicit Net warning at ThreeBit7SegmentDecoder.v(16): created implicit net for "Ft" File: C:/Users/User/Documents/KevinYang/ThreeBit7SegmentDecoder/ThreeBit7SegmentDecoder.v Line: 16
Warning (10236): Verilog HDL Implicit Net warning at ThreeBit7SegmentDecoder.v(17): created implicit net for "Gt" File: C:/Users/User/Documents/KevinYang/ThreeBit7SegmentDecoder/ThreeBit7SegmentDecoder.v Line: 17
Critical Warning (10846): Verilog HDL Instantiation warning at FourBit2to1Mux.v(2): instance has no name File: C:/Users/User/Documents/KevinYang/FourBit2to1Mux/FourBit2to1Mux.v Line: 2
Critical Warning (10846): Verilog HDL Instantiation warning at ThreeBit7SegmentDecoder.v(2): instance has no name File: C:/Users/User/Documents/KevinYang/ThreeBit7SegmentDecoder/ThreeBit7SegmentDecoder.v Line: 2
Critical Warning (10846): Verilog HDL Instantiation warning at FourBit4to1Mux.v(7): instance has no name File: C:/Users/User/Documents/KevinYang/FourBit4to1Mux/FourBit4to1Mux.v Line: 7
Critical Warning (10846): Verilog HDL Instantiation warning at FourBit4to1Mux.v(8): instance has no name File: C:/Users/User/Documents/KevinYang/FourBit4to1Mux/FourBit4to1Mux.v Line: 8
Critical Warning (10846): Verilog HDL Instantiation warning at FourBit4to1Mux.v(2): instance has no name File: C:/Users/User/Documents/KevinYang/FourBit4to1Mux/FourBit4to1Mux.v Line: 2
Critical Warning (10846): Verilog HDL Instantiation warning at FourBit4Mux7SegmentDecoder.v(3): instance has no name File: C:/Users/User/Documents/KevinYang/FourBit4Mux7SegmentDecoder/FourBit4Mux7SegmentDecoder.v Line: 3
Critical Warning (10846): Verilog HDL Instantiation warning at FourBit4Mux7SegmentDecoder.v(4): instance has no name File: C:/Users/User/Documents/KevinYang/FourBit4Mux7SegmentDecoder/FourBit4Mux7SegmentDecoder.v Line: 4
Info (12127): Elaborating entity "FourBit4Mux7SegmentDecoder" for the top level hierarchy
Info (12128): Elaborating entity "FourBit4to1MuxInternal" for hierarchy "FourBit4to1MuxInternal:comb_3" File: C:/Users/User/Documents/KevinYang/FourBit4Mux7SegmentDecoder/FourBit4Mux7SegmentDecoder.v Line: 3
Info (12128): Elaborating entity "FourBit2to1MuxInternal" for hierarchy "FourBit4to1MuxInternal:comb_3|FourBit2to1MuxInternal:comb_3" File: C:/Users/User/Documents/KevinYang/FourBit4to1Mux/FourBit4to1Mux.v Line: 7
Info (12128): Elaborating entity "ThreeBit7SegmentDecoder" for hierarchy "ThreeBit7SegmentDecoder:comb_4" File: C:/Users/User/Documents/KevinYang/FourBit4Mux7SegmentDecoder/FourBit4Mux7SegmentDecoder.v Line: 4
Info (12128): Elaborating entity "ThreeBit7SegmentDecoderInternal" for hierarchy "ThreeBit7SegmentDecoder:comb_4|ThreeBit7SegmentDecoderInternal:comb_3" File: C:/Users/User/Documents/KevinYang/ThreeBit7SegmentDecoder/ThreeBit7SegmentDecoder.v Line: 2
Warning (12241): 2 hierarchies have connectivity warnings - see the Connectivity Checks report folder
Info (286030): Timing-Driven Synthesis is running
Info (16010): Generating hard_block partition "hard_block:auto_generated_inst"
    Info (16011): Adding 0 node(s), including 0 DDIO, 0 PLL, 0 transceiver and 0 LCELL
Warning (21074): Design contains 4 input pin(s) that do not drive logic
    Warning (15610): No output dependent on input pin "SW[3]" File: C:/Users/User/Documents/KevinYang/FourBit4Mux7SegmentDecoder/FourBit4Mux7SegmentDecoder.v Line: 1
    Warning (15610): No output dependent on input pin "SW[7]" File: C:/Users/User/Documents/KevinYang/FourBit4Mux7SegmentDecoder/FourBit4Mux7SegmentDecoder.v Line: 1
    Warning (15610): No output dependent on input pin "SW[11]" File: C:/Users/User/Documents/KevinYang/FourBit4Mux7SegmentDecoder/FourBit4Mux7SegmentDecoder.v Line: 1
    Warning (15610): No output dependent on input pin "SW[15]" File: C:/Users/User/Documents/KevinYang/FourBit4Mux7SegmentDecoder/FourBit4Mux7SegmentDecoder.v Line: 1
Info (21057): Implemented 38 device resources after synthesis - the final resource count might be different
    Info (21058): Implemented 18 input pins
    Info (21059): Implemented 7 output pins
    Info (21061): Implemented 13 logic cells
Info: Quartus Prime Analysis & Synthesis was successful. 0 errors, 21 warnings
    Info: Peak virtual memory: 4750 megabytes
    Info: Processing ended: Wed Nov  6 00:20:15 2024
    Info: Elapsed time: 00:00:14
    Info: Total CPU time (on all processors): 00:00:29


