EDA Netlist Writer report for BinaryAdder
Thu Nov 07 15:03:21 2024
Quartus II 64-Bit Version 13.1.0 Build 162 10/23/2013 SJ Web Edition


---------------------
; Table of Contents ;
---------------------
  1. Legal Notice
  2. EDA Netlist Writer Summary
  3. Simulation Settings
  4. Simulation Generated Files
  5. Board-Level Settings
  6. Board-Level Generated Files
  7. EDA Netlist Writer Messages



----------------
; Legal Notice ;
----------------
Copyright (C) 1991-2013 Altera Corporation
Your use of Altera Corporation's design tools, logic functions 
and other software and tools, and its AMPP partner logic 
functions, and any output files from any of the foregoing 
(including device programming or simulation files), and any 
associated documentation or information are expressly subject 
to the terms and conditions of the Altera Program License 
Subscription Agreement, Altera MegaCore Function License 
Agreement, or other applicable license agreement, including, 
without limitation, that your use is for the sole purpose of 
programming logic devices manufactured by Altera and sold by 
Altera or its authorized distributors.  Please refer to the 
applicable agreement for further details.



+-------------------------------------------------------------------------------+
; EDA Netlist Writer Summary                                                    ;
+---------------------------------------+---------------------------------------+
; EDA Netlist Writer Status             ; Successful - Thu Nov 07 15:03:21 2024 ;
; Revision Name                         ; BinaryAdder                           ;
; Top-level Entity Name                 ; BinaryAdder                           ;
; Family                                ; Cyclone IV E                          ;
; Simulation Files Creation             ; Successful                            ;
; Board Signal Integrity Files Creation ; Successful                            ;
+---------------------------------------+---------------------------------------+


+------------------------------------------------------------------------------------------------------------------------+
; Simulation Settings                                                                                                    ;
+---------------------------------------------------------------------------------------------------+--------------------+
; Option                                                                                            ; Setting            ;
+---------------------------------------------------------------------------------------------------+--------------------+
; Tool Name                                                                                         ; ModelSim (Verilog) ;
; Generate netlist for functional simulation only                                                   ; On                 ;
; Truncate long hierarchy paths                                                                     ; Off                ;
; Map illegal HDL characters                                                                        ; Off                ;
; Flatten buses into individual nodes                                                               ; Off                ;
; Maintain hierarchy                                                                                ; Off                ;
; Bring out device-wide set/reset signals as ports                                                  ; Off                ;
; Enable glitch filtering                                                                           ; Off                ;
; Do not write top level VHDL entity                                                                ; Off                ;
; Disable detection of setup and hold time violations in the input registers of bi-directional pins ; Off                ;
; Architecture name in VHDL output netlist                                                          ; structure          ;
; Generate third-party EDA tool command script for RTL functional simulation                        ; Off                ;
; Generate third-party EDA tool command script for gate-level simulation                            ; Off                ;
+---------------------------------------------------------------------------------------------------+--------------------+


+----------------------------------------------------------------------------------+
; Simulation Generated Files                                                       ;
+----------------------------------------------------------------------------------+
; Generated Files                                                                  ;
+----------------------------------------------------------------------------------+
; C:/Users/User/Documents/KevinYang/BinaryAdder/simulation/modelsim/BinaryAdder.vo ;
+----------------------------------------------------------------------------------+


+-----------------------------------------+
; Board-Level Settings                    ;
+-------------------------------+---------+
; Option                        ; Setting ;
+-------------------------------+---------+
; Board Signal Integrity Format ; IBIS    ;
+-------------------------------+---------+


+------------------------------------------------------------------------------+
; Board-Level Generated Files                                                  ;
+------------------------------------------------------------------------------+
; Generated Files                                                              ;
+------------------------------------------------------------------------------+
; Board Signal Integrity                                                       ;
;     C:/Users/User/Documents/KevinYang/BinaryAdder/board/ibis/BinaryAdder.ibs ;
+------------------------------------------------------------------------------+


+-----------------------------+
; EDA Netlist Writer Messages ;
+-----------------------------+
Info: *******************************************************************
Info: Running Quartus II 64-Bit EDA Netlist Writer
    Info: Version 13.1.0 Build 162 10/23/2013 SJ Web Edition
    Info: Processing started: Thu Nov 07 15:03:17 2024
Info: Command: quartus_eda --read_settings_files=off --write_settings_files=off BinaryAdder -c BinaryAdder
Info (204019): Generated file BinaryAdder.vo in folder "C:/Users/User/Documents/KevinYang/BinaryAdder/simulation/modelsim/" for EDA simulation tool
Info (205000): Model for 5 configuration pin(s) is not included in the IBIS output file
    Info (205001): Pin "~ALTERA_ASDO_DATA1~" has no VCCIO voltage of the configuration pin
    Info (205001): Pin "~ALTERA_FLASH_nCE_nCSO~" has no VCCIO voltage of the configuration pin
    Info (205001): Pin "~ALTERA_DCLK~" has no VCCIO voltage of the configuration pin
    Info (205001): Pin "~ALTERA_DATA0~" has no VCCIO voltage of the configuration pin
    Info (205001): Pin "~ALTERA_nCEO~" has no VCCIO voltage of the configuration pin
Info (199050): Generated IBIS Output File C:/Users/User/Documents/KevinYang/BinaryAdder/board/ibis/BinaryAdder.ibs for board level analysis
Info: Quartus II 64-Bit EDA Netlist Writer was successful. 0 errors, 0 warnings
    Info: Peak virtual memory: 4649 megabytes
    Info: Processing ended: Thu Nov 07 15:03:21 2024
    Info: Elapsed time: 00:00:04
    Info: Total CPU time (on all processors): 00:00:03


