Flow report for Thunderbird
Mon Dec 09 22:58:54 2024
Quartus II 64-Bit Version 13.1.0 Build 162 10/23/2013 SJ Web Edition


---------------------
; Table of Contents ;
---------------------
  1. Legal Notice
  2. Flow Summary
  3. Flow Settings
  4. Flow Non-Default Global Settings
  5. Flow Elapsed Time
  6. Flow OS Summary
  7. Flow Log
  8. Flow Messages
  9. Flow Suppressed Messages



----------------
; Legal Notice ;
----------------
Copyright (C) 1991-2013 Altera Corporation
Your use of Altera Corporation's design tools, logic functions 
and other software and tools, and its AMPP partner logic 
functions, and any output files from any of the foregoing 
(including device programming or simulation files), and any 
associated documentation or information are expressly subject 
to the terms and conditions of the Altera Program License 
Subscription Agreement, Altera MegaCore Function License 
Agreement, or other applicable license agreement, including, 
without limitation, that your use is for the sole purpose of 
programming logic devices manufactured by Altera and sold by 
Altera or its authorized distributors.  Please refer to the 
applicable agreement for further details.



+---------------------------------------------------------------------------------+
; Flow Summary                                                                    ;
+------------------------------------+--------------------------------------------+
; Flow Status                        ; Successful - Mon Dec 09 22:58:54 2024      ;
; Quartus II 64-Bit Version          ; 13.1.0 Build 162 10/23/2013 SJ Web Edition ;
; Revision Name                      ; Thunderbird                                ;
; Top-level Entity Name              ; ThunderbirdTest                            ;
; Family                             ; Cyclone IV E                               ;
; Device                             ; EP4CE115F29C7                              ;
; Timing Models                      ; Final                                      ;
; Total logic elements               ; 39 / 114,480 ( < 1 % )                     ;
;     Total combinational functions  ; 39 / 114,480 ( < 1 % )                     ;
;     Dedicated logic registers      ; 0 / 114,480 ( 0 % )                        ;
; Total registers                    ; 0                                          ;
; Total pins                         ; 22 / 529 ( 4 % )                           ;
; Total virtual pins                 ; 0                                          ;
; Total memory bits                  ; 0 / 3,981,312 ( 0 % )                      ;
; Embedded Multiplier 9-bit elements ; 0 / 532 ( 0 % )                            ;
; Total PLLs                         ; 0 / 4 ( 0 % )                              ;
+------------------------------------+--------------------------------------------+


+-----------------------------------------+
; Flow Settings                           ;
+-------------------+---------------------+
; Option            ; Setting             ;
+-------------------+---------------------+
; Start date & time ; 12/07/2024 19:40:54 ;
; Main task         ; Compilation         ;
; Revision Name     ; Thunderbird         ;
+-------------------+---------------------+


+---------------------------------------------------------------------------------------------------------------------------------------------------------+
; Flow Non-Default Global Settings                                                                                                                        ;
+-------------------------------------+----------------------------------------------------------------+---------------+-----------------+----------------+
; Assignment Name                     ; Value                                                          ; Default Value ; Entity Name     ; Section Id     ;
+-------------------------------------+----------------------------------------------------------------+---------------+-----------------+----------------+
; COMPILER_SIGNATURE_ID               ; 93383146476687.173361845306560                                 ; --            ; --              ; --             ;
; EDA_GENERATE_FUNCTIONAL_NETLIST     ; On                                                             ; --            ; --              ; eda_simulation ;
; EDA_NETLIST_WRITER_OUTPUT_DIR       ; C:/Users/User/Documents/KevinYang/Thunderbird/simulation/qsim/ ; --            ; --              ; eda_simulation ;
; EDA_OUTPUT_DATA_FORMAT              ; Verilog Hdl                                                    ; --            ; --              ; eda_simulation ;
; EDA_SIMULATION_TOOL                 ; ModelSim-Altera (Verilog)                                      ; <None>        ; --              ; --             ;
; MAX_CORE_JUNCTION_TEMP              ; 85                                                             ; --            ; --              ; --             ;
; MIN_CORE_JUNCTION_TEMP              ; 0                                                              ; --            ; --              ; --             ;
; NOMINAL_CORE_SUPPLY_VOLTAGE         ; 1.2V                                                           ; --            ; --              ; --             ;
; PARTITION_COLOR                     ; 16764057                                                       ; --            ; ThunderbirdTest ; Top            ;
; PARTITION_FITTER_PRESERVATION_LEVEL ; PLACEMENT_AND_ROUTING                                          ; --            ; ThunderbirdTest ; Top            ;
; PARTITION_NETLIST_TYPE              ; SOURCE                                                         ; --            ; ThunderbirdTest ; Top            ;
; PROJECT_OUTPUT_DIRECTORY            ; output_files                                                   ; --            ; --              ; --             ;
; TOP_LEVEL_ENTITY                    ; ThunderbirdTest                                                ; Thunderbird   ; --              ; --             ;
+-------------------------------------+----------------------------------------------------------------+---------------+-----------------+----------------+


+-------------------------------------------------------------------------------------------------------------------------------+
; Flow Elapsed Time                                                                                                             ;
+---------------------------+--------------+-------------------------+---------------------+------------------------------------+
; Module Name               ; Elapsed Time ; Average Processors Used ; Peak Virtual Memory ; Total CPU Time (on all processors) ;
+---------------------------+--------------+-------------------------+---------------------+------------------------------------+
; Analysis & Synthesis      ; 00:00:02     ; 1.0                     ; 4616 MB             ; 00:00:02                           ;
; Fitter                    ; 00:00:15     ; 1.3                     ; 5342 MB             ; 00:00:20                           ;
; Assembler                 ; 00:00:05     ; 1.0                     ; 4610 MB             ; 00:00:05                           ;
; TimeQuest Timing Analyzer ; 00:00:03     ; 1.0                     ; 4715 MB             ; 00:00:03                           ;
; EDA Netlist Writer        ; 00:00:00     ; 1.0                     ; 4555 MB             ; 00:00:01                           ;
; EDA Netlist Writer        ; 00:00:01     ; 1.0                     ; 4574 MB             ; 00:00:01                           ;
; EDA Netlist Writer        ; 00:00:01     ; 1.0                     ; 4574 MB             ; 00:00:01                           ;
; EDA Netlist Writer        ; 00:00:01     ; 1.0                     ; 4574 MB             ; 00:00:01                           ;
; EDA Netlist Writer        ; 00:00:01     ; 1.0                     ; 4574 MB             ; 00:00:01                           ;
; Total                     ; 00:00:29     ; --                      ; --                  ; 00:00:35                           ;
+---------------------------+--------------+-------------------------+---------------------+------------------------------------+


+----------------------------------------------------------------------------------------+
; Flow OS Summary                                                                        ;
+---------------------------+------------------+-----------+------------+----------------+
; Module Name               ; Machine Hostname ; OS Name   ; OS Version ; Processor type ;
+---------------------------+------------------+-----------+------------+----------------+
; Analysis & Synthesis      ; DESKTOP-I60FOUM  ; Windows 7 ; 6.2        ; x86_64         ;
; Fitter                    ; DESKTOP-I60FOUM  ; Windows 7 ; 6.2        ; x86_64         ;
; Assembler                 ; DESKTOP-I60FOUM  ; Windows 7 ; 6.2        ; x86_64         ;
; TimeQuest Timing Analyzer ; DESKTOP-I60FOUM  ; Windows 7 ; 6.2        ; x86_64         ;
; EDA Netlist Writer        ; DESKTOP-I60FOUM  ; Windows 7 ; 6.2        ; x86_64         ;
; EDA Netlist Writer        ; DESKTOP-I60FOUM  ; Windows 7 ; 6.2        ; x86_64         ;
; EDA Netlist Writer        ; DESKTOP-I60FOUM  ; Windows 7 ; 6.2        ; x86_64         ;
; EDA Netlist Writer        ; DESKTOP-I60FOUM  ; Windows 7 ; 6.2        ; x86_64         ;
; EDA Netlist Writer        ; DESKTOP-I60FOUM  ; Windows 7 ; 6.2        ; x86_64         ;
+---------------------------+------------------+-----------+------------+----------------+


------------
; Flow Log ;
------------
quartus_map --read_settings_files=on --write_settings_files=off Thunderbird -c Thunderbird
quartus_fit --read_settings_files=off --write_settings_files=off Thunderbird -c Thunderbird
quartus_asm --read_settings_files=off --write_settings_files=off Thunderbird -c Thunderbird
quartus_sta Thunderbird -c Thunderbird
quartus_eda --read_settings_files=off --write_settings_files=off Thunderbird -c Thunderbird
quartus_eda --gen_testbench --check_outputs=on --tool=modelsim_oem --format=verilog Thunderbird -c Thunderbird --vector_source=C:/Users/User/Documents/KevinYang/Thunderbird/ThunderbirdTest.vwf --testbench_file=C:/Users/User/Documents/KevinYang/Thunderbird/simulation/qsim/ThunderbirdTest.vwf.vt
quartus_eda --functional=on --flatten_buses=off --simulation=on --tool=modelsim_oem --format=verilog --output_directory=C:/Users/User/Documents/KevinYang/Thunderbird/simulation/qsim/ Thunderbird -c Thunderbird
quartus_eda --gen_testbench --check_outputs=on --tool=modelsim_oem --format=verilog Thunderbird -c Thunderbird --vector_source=C:/Users/User/Documents/KevinYang/Thunderbird/ThunderbirdTest.vwf --testbench_file=C:/Users/User/Documents/KevinYang/Thunderbird/simulation/qsim/ThunderbirdTest.vwf.vt
quartus_eda --functional=on --flatten_buses=off --simulation=on --tool=modelsim_oem --format=verilog --output_directory=C:/Users/User/Documents/KevinYang/Thunderbird/simulation/qsim/ Thunderbird -c Thunderbird



